Linux version

Using ReadLine,Boost,HDF5
mothur v.1.42.3
Last updated: 08/20/2019
by
Patrick D. Schloss

Department of Microbiology & Immunology

University of Michigan
http://www.mothur.org

When using, please cite:
Schloss, P.D., et al., Introducing mothur: Open-source, platform-independent, community-supported software for describing and comparing microbial communities. Appl Environ Microbiol, 2009. 75(23):7537-41.

Distributed under the GNU General Public License

Type 'help()' for information on the commands that are available

For questions and analysis support, please visit our forum at https://forum.mothur.org

Type 'quit()' to exit program

[NOTE]: Setting random seed to 19760620.

Script Mode


mothur > set.logfile(name=logfiles/rdp/filter.bact_full.log)

mothur > set.dir(input=data/rdp/)
Mothur's directories:
inputDir=data/rdp/

mothur > 
        filter.seqs(fasta=data/rdp/rdp.bact_full.fasta, trump=., vertical=T, processors=2)

Using 2 processors.
Creating Filter... 
It took 17 secs to create filter for 6969 sequences.


Running Filter... 
It took 13 secs to filter 6969 sequences.



Length of filtered alignment: 3709
Number of columns removed: 46291
Length of the original alignment: 50000
Number of sequences used to construct filter: 6969

Output File Names: 
data/rdp/rdp.filter
data/rdp/rdp.bact_full.filter.fasta

6969	6861

Output File Names: 
data/rdp/rdp.bact_full.filter.names
data/rdp/rdp.bact_full.filter.unique.fasta


mothur > 
        pre.cluster(fasta=data/rdp/rdp.bact_full.filter.unique.fasta, name=data/rdp/rdp.bact_full.filter.names, diffs=2, processors=2) 

Using 2 processors.
When using running without group information mothur can only use 1 processor, continuing.
6861	6815	46
Total number of sequences before precluster was 6861.
pre.cluster removed 46 sequences.

/******************************************/
Running command: get.seqs(fasta=data/rdp/rdp.bact_full.filter.unique.fasta, accnos=data/rdp/rdp.bact_full.filter.unique.precluster.fasta.temp)
[WARNING]: This command can take a namefile and you did not provide one. The current namefile is data/rdp/rdp.bact_full.filter.names which seems to match data/rdp/rdp.bact_full.filter.unique.fasta.
Selected 6818 sequences from your fasta file.

Output File Names: 
data/rdp/rdp.bact_full.filter.unique.pick.fasta

/******************************************/
Done.
It took 4 secs to cluster 6861 sequences.

Output File Names: 
data/rdp/rdp.bact_full.filter.count_table
data/rdp/rdp.bact_full.filter.unique.precluster.fasta
data/rdp/rdp.bact_full.filter.unique.precluster.count_table
data/rdp/rdp.bact_full.filter.unique.precluster.map


mothur > quit()


<<<<<<<<<<<<<<<<<<<<<<<<<<<<<<^>>>>>>>>>>>>>>>>>>>>>>>>>>>>>
<<<<<<<<<<<<<<<<<<<<<<<<<<<<<<^>>>>>>>>>>>>>>>>>>>>>>>>>>>>>
<<<<<<<<<<<<<<<<<<<<<<<<<<<<<<^>>>>>>>>>>>>>>>>>>>>>>>>>>>>>
Detected 1 [WARNING] messages, please review.
<<<<<<<<<<<<<<<<<<<<<<<<<<<<<<^>>>>>>>>>>>>>>>>>>>>>>>>>>>>>
<<<<<<<<<<<<<<<<<<<<<<<<<<<<<<^>>>>>>>>>>>>>>>>>>>>>>>>>>>>>
<<<<<<<<<<<<<<<<<<<<<<<<<<<<<<^>>>>>>>>>>>>>>>>>>>>>>>>>>>>>
