Linux version

Using ReadLine,Boost,HDF5
mothur v.1.42.3
Last updated: 11/05/2019
by
Patrick D. Schloss

Department of Microbiology & Immunology

University of Michigan
http://www.mothur.org

When using, please cite:
Schloss, P.D., et al., Introducing mothur: Open-source, platform-independent, community-supported software for describing and comparing microbial communities. Appl Environ Microbiol, 2009. 75(23):7537-41.

Distributed under the GNU General Public License

Type 'help()' for information on the commands that are available

For questions and analysis support, please visit our forum at https://forum.mothur.org

Type 'quit()' to exit program

[NOTE]: Setting random seed to 19760620.

Script Mode


mothur > set.logfile(name=log/silva/cluster.bact_full.log)

mothur > set.dir(input=data/silva/, output=results/silva/)
Mothur's directories:
outputDir=results/silva/
inputDir=data/silva/

mothur > 
        cluster(column=results/silva/silva.bact_full.filter.unique.precluster.dist, count=data/silva/silva.bact_full.filter.unique.precluster.count_table, cutoff=0.03) 

Using 16 processors.

Clustering results/silva/silva.bact_full.filter.unique.precluster.dist


iter	time	label	num_otus	cutoff	tp	tn	fp	fn	sensitivity	specificity	ppv	npv	fdr	accuracy	mcc	f1score

0.03
0	0	0.03	6600	0.03	0	21738334	0	38366	0	1	0	0.998238	1	0.998238	0	0	
1	0	0.03	3432	0.03	31842	21734017	4317	6524	0.829954	0.999801	0.880611	0.9997	0.880611	0.999502	0.854659	0.854532	
2	0	0.03	3379	0.03	33270	21733132	5202	5096	0.867174	0.999761	0.864785	0.999766	0.864785	0.999527	0.865742	0.865978	
3	0	0.03	3380	0.03	33286	21733129	5205	5080	0.867591	0.999761	0.864774	0.999766	0.864774	0.999528	0.865945	0.86618	
4	0	0.03	3379	0.03	33288	21733131	5203	5078	0.867643	0.999761	0.864826	0.999766	0.864826	0.999528	0.865997	0.866232	


It took 1 seconds to cluster

Output File Names: 
results/silva/silva.bact_full.filter.unique.precluster.opti_mcc.list
results/silva/silva.bact_full.filter.unique.precluster.opti_mcc.steps
results/silva/silva.bact_full.filter.unique.precluster.opti_mcc.sensspec


mothur > quit()
