Linux version

Using ReadLine,Boost,HDF5
mothur v.1.42.3
Last updated: 11/04/2019
by
Patrick D. Schloss

Department of Microbiology & Immunology

University of Michigan
http://www.mothur.org

When using, please cite:
Schloss, P.D., et al., Introducing mothur: Open-source, platform-independent, community-supported software for describing and comparing microbial communities. Appl Environ Microbiol, 2009. 75(23):7537-41.

Distributed under the GNU General Public License

Type 'help()' for information on the commands that are available

For questions and analysis support, please visit our forum at https://forum.mothur.org

Type 'quit()' to exit program

[NOTE]: Setting random seed to 19760620.

Script Mode


mothur > set.logfile(name=log/silva/cluster.bact_v4.log)

mothur > set.dir(input=data/silva/, output=results/silva/)
Mothur's directories:
outputDir=results/silva/
inputDir=data/silva/

mothur > 
        cluster(column=results/silva/silva.bact_v4.filter.unique.precluster.dist, count=data/silva/silva.bact_v4.filter.unique.precluster.count_table, cutoff=0.03) 

Using 16 processors.

Clustering results/silva/silva.bact_v4.filter.unique.precluster.dist


iter	time	label	num_otus	cutoff	tp	tn	fp	fn	sensitivity	specificity	ppv	npv	fdr	accuracy	mcc	f1score

0.03
0	0	0.03	4276	0.03	0	9133454	0	6496	0	1	0	0.999289	1	0.999289	0	0	
1	0	0.03	2602	0.03	4206	9132782	672	2290	0.647475	0.999926	0.862239	0.999749	0.862239	0.999676	0.747029	0.739582	
2	0	0.03	2572	0.03	4515	9132785	669	1981	0.695043	0.999927	0.870949	0.999783	0.870949	0.99971	0.777903	0.773116	
3	0	0.03	2570	0.03	4642	9132743	711	1854	0.714594	0.999922	0.867177	0.999797	0.867177	0.999719	0.787062	0.783526	
4	0	0.03	2569	0.03	4650	9132738	716	1846	0.715825	0.999922	0.866567	0.999798	0.866567	0.99972	0.787463	0.784016	
5	0	0.03	2569	0.03	4650	9132738	716	1846	0.715825	0.999922	0.866567	0.999798	0.866567	0.99972	0.787463	0.784016	


It took 0 seconds to cluster

Output File Names: 
results/silva/silva.bact_v4.filter.unique.precluster.opti_mcc.list
results/silva/silva.bact_v4.filter.unique.precluster.opti_mcc.steps
results/silva/silva.bact_v4.filter.unique.precluster.opti_mcc.sensspec


mothur > quit()
