Linux version

Using ReadLine,Boost,HDF5
mothur v.1.42.3
Last updated: 11/05/2019
by
Patrick D. Schloss

Department of Microbiology & Immunology

University of Michigan
http://www.mothur.org

When using, please cite:
Schloss, P.D., et al., Introducing mothur: Open-source, platform-independent, community-supported software for describing and comparing microbial communities. Appl Environ Microbiol, 2009. 75(23):7537-41.

Distributed under the GNU General Public License

Type 'help()' for information on the commands that are available

For questions and analysis support, please visit our forum at https://forum.mothur.org

Type 'quit()' to exit program

[NOTE]: Setting random seed to 19760620.

Script Mode


mothur > set.logfile(name=log/silva/filter.bact_full.log)

mothur > set.dir(input=data/silva/)
Mothur's directories:
inputDir=data/silva/

mothur > 

        filter.seqs(fasta=data/silva/silva.bact_full.fasta, trump=., vertical=T, processors=2)

Using 2 processors.
Creating Filter... 
It took 6 secs to create filter for 6621 sequences.


Running Filter... 
It took 5 secs to filter 6621 sequences.



Length of filtered alignment: 5446
Number of columns removed: 36624
Length of the original alignment: 42070
Number of sequences used to construct filter: 6621

Output File Names: 
data/silva/silva.filter
data/silva/silva.bact_full.filter.fasta

6621	6615

Output File Names: 
data/silva/silva.bact_full.filter.names
data/silva/silva.bact_full.filter.unique.fasta


mothur > 
        pre.cluster(fasta=data/silva/silva.bact_full.filter.unique.fasta, name=data/silva/silva.bact_full.filter.names, diffs=2, processors=2)

Using 2 processors.
When using running without group information mothur can only use 1 processor, continuing.
6615	6600	15
Total number of sequences before precluster was 6615.
pre.cluster removed 15 sequences.

/******************************************/
Running command: get.seqs(fasta=data/silva/silva.bact_full.filter.unique.fasta, accnos=data/silva/silva.bact_full.filter.unique.precluster.fasta.temp)
[WARNING]: This command can take a namefile and you did not provide one. The current namefile is data/silva/silva.bact_full.filter.names which seems to match data/silva/silva.bact_full.filter.unique.fasta.
Selected 6600 sequences from your fasta file.

Output File Names: 
data/silva/silva.bact_full.filter.unique.pick.fasta

/******************************************/
Done.
It took 4 secs to cluster 6615 sequences.

Output File Names: 
data/silva/silva.bact_full.filter.count_table
data/silva/silva.bact_full.filter.unique.precluster.fasta
data/silva/silva.bact_full.filter.unique.precluster.count_table
data/silva/silva.bact_full.filter.unique.precluster.map


mothur > 
        list.seqs(fasta=data/silva/silva.bact_full.filter.unique.precluster.fasta)

Output File Names: 
data/silva/silva.bact_full.filter.unique.precluster.accnos


mothur > 
        get.seqs(taxonomy=data/silva/silva.bacteria.tax, accnos=current, name=current)
Using data/silva/silva.bact_full.filter.unique.precluster.accnos as input file for the accnos parameter.
Using data/silva/silva.bact_full.filter.names as input file for the name parameter.
Selected 6606 sequences from your name file.
Selected 6606 sequences from your taxonomy file.

Output File Names: 
data/silva/silva.bact_full.filter.pick.names
data/silva/silva.bacteria.pick.tax


mothur > 

        summary.seqs(fasta=current, count=current)
Using data/silva/silva.bact_full.filter.unique.precluster.count_table as input file for the count parameter.
Using data/silva/silva.bact_full.filter.unique.precluster.fasta as input file for the fasta parameter.

Using 2 processors.

		Start	End	NBases	Ambigs	Polymer	NumSeqs
Minimum:	1	5446	1354	0	4	1
2.5%-tile:	1	5446	1386	0	5	166
25%-tile:	1	5446	1434	0	5	1656
Median: 	1	5446	1450	0	5	3311
75%-tile:	1	5446	1461	0	6	4966
97.5%-tile:	1	5446	1487	0	7	6456
Maximum:	3	5446	1886	0	8	6621
Mean:	1	5446	1446	0	5
# of unique seqs:	6600
total # of seqs:	6621

It took 1 secs to summarize 6621 sequences.

Output File Names:
data/silva/silva.bact_full.filter.unique.precluster.summary


mothur > 
        rename.file(input=data/silva/silva.bacteria.pick.tax, new=data/silva/silva.bacteria.bact_full.precluster.tax) 

Current files saved by mothur:
accnos=data/silva/silva.bact_full.filter.unique.precluster.accnos
fasta=data/silva/silva.bact_full.filter.unique.precluster.fasta
name=data/silva/silva.bact_full.filter.pick.names
taxonomy=data/silva/silva.bacteria.pick.tax
count=data/silva/silva.bact_full.filter.unique.precluster.count_table
processors=2
summary=data/silva/silva.bact_full.filter.unique.precluster.summary

mothur > quit()


<<<<<<<<<<<<<<<<<<<<<<<<<<<<<<^>>>>>>>>>>>>>>>>>>>>>>>>>>>>>
<<<<<<<<<<<<<<<<<<<<<<<<<<<<<<^>>>>>>>>>>>>>>>>>>>>>>>>>>>>>
<<<<<<<<<<<<<<<<<<<<<<<<<<<<<<^>>>>>>>>>>>>>>>>>>>>>>>>>>>>>
Detected 1 [WARNING] messages, please review.
<<<<<<<<<<<<<<<<<<<<<<<<<<<<<<^>>>>>>>>>>>>>>>>>>>>>>>>>>>>>
<<<<<<<<<<<<<<<<<<<<<<<<<<<<<<^>>>>>>>>>>>>>>>>>>>>>>>>>>>>>
<<<<<<<<<<<<<<<<<<<<<<<<<<<<<<^>>>>>>>>>>>>>>>>>>>>>>>>>>>>>
