Linux version

Using ReadLine,Boost,HDF5,GSL
mothur v.1.43.0
Last updated: 11/13/2019
by
Patrick D. Schloss

Department of Microbiology & Immunology

University of Michigan
http://www.mothur.org

When using, please cite:
Schloss, P.D., et al., Introducing mothur: Open-source, platform-independent, community-supported software for describing and comparing microbial communities. Appl Environ Microbiol, 2009. 75(23):7537-41.

Distributed under the GNU General Public License

Type 'help()' for information on the commands that are available

For questions and analysis support, please visit our forum at https://forum.mothur.org

Type 'quit()' to exit program

[NOTE]: Setting random seed to 19760620.

Script Mode


mothur > set.logfile(name=log/silva/filter.bact_v4.log)

mothur > set.dir(input=data/silva/)
Mothur's directories:
inputDir=data/silva/

mothur > 

        filter.seqs(fasta=data/silva/silva.bact_v4.fasta, trump=., vertical=T, processors=2)

Using 2 processors.
Creating Filter... 
It took 2 secs to create filter for 6696 sequences.


Running Filter... 
It took 1 secs to filter 6696 sequences.



Length of filtered alignment: 678
Number of columns removed: 12747
Length of the original alignment: 13425
Number of sequences used to construct filter: 6696

Output File Names: 
data/silva/silva.filter
data/silva/silva.bact_v4.filter.fasta


mothur > 
        unique.seqs(fasta=current)
Using data/silva/silva.bact_v4.filter.fasta as input file for the fasta parameter.
6696	5066

Output File Names: 
data/silva/silva.bact_v4.filter.names
data/silva/silva.bact_v4.filter.unique.fasta


mothur > 
        pre.cluster(fasta=current, name=current, diffs=2, processors=2)
Using data/silva/silva.bact_v4.filter.unique.fasta as input file for the fasta parameter.
Using data/silva/silva.bact_v4.filter.names as input file for the name parameter.

Using 2 processors.
When using running without group information mothur can only use 1 processor, continuing.
5066	4276	790
Total number of sequences before precluster was 5066.
pre.cluster removed 790 sequences.

/******************************************/
Running command: get.seqs(fasta=data/silva/silva.bact_v4.filter.unique.fasta, accnos=data/silva/silva.bact_v4.filter.unique.precluster.fasta.temp)
[WARNING]: This command can take a namefile and you did not provide one. The current namefile is data/silva/silva.bact_v4.filter.names which seems to match data/silva/silva.bact_v4.filter.unique.fasta.
Selected 4276 sequences from your fasta file.

Output File Names: 
data/silva/silva.bact_v4.filter.unique.pick.fasta

/******************************************/
Done.
It took 1 secs to cluster 5066 sequences.

Output File Names: 
data/silva/silva.bact_v4.filter.count_table
data/silva/silva.bact_v4.filter.unique.precluster.fasta
data/silva/silva.bact_v4.filter.unique.precluster.count_table
data/silva/silva.bact_v4.filter.unique.precluster.map


mothur > 
        list.seqs(fasta=current)
Using data/silva/silva.bact_v4.filter.unique.precluster.fasta as input file for the fasta parameter.

Output File Names: 
data/silva/silva.bact_v4.filter.unique.precluster.accnos


mothur > 
        get.seqs(accnos=current, taxonomy=data/silva/silva.bacteria.tax)
Using data/silva/silva.bact_v4.filter.unique.precluster.accnos as input file for the accnos parameter.
[WARNING]: This command can take a namefile and you did not provide one. The current namefile is data/silva/silva.bact_v4.filter.names which seems to match data/silva/silva.bacteria.tax.
Selected 4276 sequences from your taxonomy file.

Output File Names: 
data/silva/silva.bacteria.pick.tax


mothur > 
        get.seqs(accnos=current, count=current)
Using data/silva/silva.bact_v4.filter.unique.precluster.accnos as input file for the accnos parameter.
Using data/silva/silva.bact_v4.filter.unique.precluster.count_table as input file for the count parameter.
Selected 6696 sequences from your count file.

Output File Names: 
data/silva/silva.bact_v4.filter.unique.precluster.pick.count_table


mothur > 

        summary.seqs(fasta=current, count=current)
Using data/silva/silva.bact_v4.filter.unique.precluster.pick.count_table as input file for the count parameter.
Using data/silva/silva.bact_v4.filter.unique.precluster.fasta as input file for the fasta parameter.

Using 2 processors.

		Start	End	NBases	Ambigs	Polymer	NumSeqs
Minimum:	1	640	260	0	3	1
2.5%-tile:	1	678	291	0	4	168
25%-tile:	1	678	292	0	4	1675
Median: 	1	678	292	0	4	3349
75%-tile:	1	678	292	0	5	5023
97.5%-tile:	1	678	293	0	6	6529
Maximum:	1	678	350	0	8	6696
Mean:	1	677	291	0	4
# of unique seqs:	4276
total # of seqs:	6696

It took 0 secs to summarize 6696 sequences.

Output File Names:
data/silva/silva.bact_v4.filter.unique.precluster.summary


mothur > 
        rename.file(input=data/silva/silva.bacteria.pick.tax, new=data/silva/silva.bacteria.bact_v4.precluster.tax) 

Current files saved by mothur:
accnos=data/silva/silva.bact_v4.filter.unique.precluster.accnos
fasta=data/silva/silva.bact_v4.filter.unique.precluster.fasta
name=data/silva/silva.bact_v4.filter.names
taxonomy=data/silva/silva.bacteria.pick.tax
count=data/silva/silva.bact_v4.filter.unique.precluster.pick.count_table
processors=2
summary=data/silva/silva.bact_v4.filter.unique.precluster.summary

mothur > quit()


It took 5 seconds to run 11 commands from your script.



<<<<<<<<<<<<<<<<<<<<<<<<<<<<<<^>>>>>>>>>>>>>>>>>>>>>>>>>>>>>
<<<<<<<<<<<<<<<<<<<<<<<<<<<<<<^>>>>>>>>>>>>>>>>>>>>>>>>>>>>>
<<<<<<<<<<<<<<<<<<<<<<<<<<<<<<^>>>>>>>>>>>>>>>>>>>>>>>>>>>>>
Detected 2 [WARNING] messages, please review.
<<<<<<<<<<<<<<<<<<<<<<<<<<<<<<^>>>>>>>>>>>>>>>>>>>>>>>>>>>>>
<<<<<<<<<<<<<<<<<<<<<<<<<<<<<<^>>>>>>>>>>>>>>>>>>>>>>>>>>>>>
<<<<<<<<<<<<<<<<<<<<<<<<<<<<<<^>>>>>>>>>>>>>>>>>>>>>>>>>>>>>
