Linux version

Using ReadLine,Boost,HDF5
mothur v.1.42.3
Last updated: 10/29/2019
by
Patrick D. Schloss

Department of Microbiology & Immunology

University of Michigan
http://www.mothur.org

When using, please cite:
Schloss, P.D., et al., Introducing mothur: Open-source, platform-independent, community-supported software for describing and comparing microbial communities. Appl Environ Microbiol, 2009. 75(23):7537-41.

Distributed under the GNU General Public License

Type 'help()' for information on the commands that are available

For questions and analysis support, please visit our forum at https://forum.mothur.org

Type 'quit()' to exit program

[NOTE]: Setting random seed to 19760620.

Script Mode


mothur > set.logfile(name=log/silva/get_bacteria.log)

mothur > set.dir(input=data/silva/)
Mothur's directories:
inputDir=data/silva/

mothur > 
        get.lineage(fasta=data/silva/silva.fasta, taxonomy=data/silva/silva.tax, taxon=Bacteria)

/******************************************/
Running command: get.seqs(accnos=data/silva/silva.pick.tax.accnos, fasta=data/silva/silva.fasta)
Selected 8517 sequences from your fasta file.

Output File Names: 
data/silva/silva.pick.fasta

/******************************************/

Output File Names:
data/silva/silva.pick.tax
data/silva/silva.pick.tax.accnos
data/silva/silva.pick.fasta


mothur > 
        summary.seqs()
Using data/silva/silva.pick.fasta as input file for the fasta parameter.

Using 16 processors.

		Start	End	NBases	Ambigs	Polymer	NumSeqs
Minimum:	1045	42803	1358	0	4	1
2.5%-tile:	1046	43116	1393	0	5	213
25%-tile:	1046	43116	1439	0	5	2130
Median: 	1046	43116	1455	0	5	4259
75%-tile:	1046	43116	1466	0	6	6388
97.5%-tile:	1046	43116	1490	4	7	8305
Maximum:	1103	43116	1890	5	9	8517
Mean:	1046	43115	1450	0	5
# of Seqs:	8517

It took 13 secs to summarize 8517 sequences.

Output File Names:
data/silva/silva.pick.summary


mothur > 
        rename.file(input=data/silva/silva.pick.fasta, new=data/silva/silva.bacteria.fasta)

Current files saved by mothur:
accnos=data/silva/silva.pick.tax.accnos
fasta=data/silva/silva.pick.fasta
taxonomy=data/silva/silva.pick.tax
processors=16
summary=data/silva/silva.pick.summary

mothur > 
        rename.file(input=data/silva/silva.pick.tax, new=data/silva/silva.bacteria.tax)

Current files saved by mothur:
accnos=data/silva/silva.pick.tax.accnos
fasta=data/silva/silva.pick.fasta
taxonomy=data/silva/silva.pick.tax
processors=16
summary=data/silva/silva.pick.summary

mothur > quit()
