Linux version

Using ReadLine,Boost,HDF5
mothur v.1.42.3
Last updated: 10/23/2019
by
Patrick D. Schloss

Department of Microbiology & Immunology

University of Michigan
http://www.mothur.org

When using, please cite:
Schloss, P.D., et al., Introducing mothur: Open-source, platform-independent, community-supported software for describing and comparing microbial communities. Appl Environ Microbiol, 2009. 75(23):7537-41.

Distributed under the GNU General Public License

Type 'help()' for information on the commands that are available

For questions and analysis support, please visit our forum at https://forum.mothur.org

Type 'quit()' to exit program

[NOTE]: Setting random seed to 19760620.

Script Mode


mothur > set.logfile(name=logfiles/silva/get_otu_reps.bact_full.log)

mothur > set.dir(input=data/silva/, output=results/silva/)
Mothur's directories:
outputDir=results/silva/
inputDir=data/silva/

mothur > 
        classify.otu(taxonomy=data/silva/silva.bacteria.bact_full.precluster.tax, list=results/silva/silva.bact_full.filter.unique.precluster.opti_mcc.list, count=data/silva/silva.bact_full.filter.unique.precluster.count_table)
0.03	3992
