Linux version

Using ReadLine,Boost,HDF5
mothur v.1.42.3
Last updated: 11/05/2019
by
Patrick D. Schloss

Department of Microbiology & Immunology

University of Michigan
http://www.mothur.org

When using, please cite:
Schloss, P.D., et al., Introducing mothur: Open-source, platform-independent, community-supported software for describing and comparing microbial communities. Appl Environ Microbiol, 2009. 75(23):7537-41.

Distributed under the GNU General Public License

Type 'help()' for information on the commands that are available

For questions and analysis support, please visit our forum at https://forum.mothur.org

Type 'quit()' to exit program

[NOTE]: Setting random seed to 19760620.

Script Mode


mothur > set.logfile(name=log/rdp/cluster.bact_v4.log)

mothur > set.dir(input=data/rdp/, output=results/rdp/)
Mothur's directories:
outputDir=results/rdp/
inputDir=data/rdp/

mothur > 
        cluster(column=results/rdp/rdp.bact_v4.filter.unique.precluster.dist, count=data/rdp/rdp.bact_v4.filter.unique.precluster.count_table, cutoff=0.03) 

Using 16 processors.

Clustering results/rdp/rdp.bact_v4.filter.unique.precluster.dist


iter	time	label	num_otus	cutoff	tp	tn	fp	fn	sensitivity	specificity	ppv	npv	fdr	accuracy	mcc	f1score

0.03
0	0	0.03	6280	0.03	0	19699287	0	16773	0	1	0	0.999149	1	0.999149	0	0	
1	0	0.03	3179	0.03	9574	19697686	1601	7199	0.570798	0.999919	0.856734	0.999635	0.856734	0.999554	0.699102	0.68513	
2	0	0.03	3080	0.03	10982	19697182	2105	5791	0.654743	0.999893	0.839153	0.999706	0.839153	0.9996	0.741045	0.735566	
3	0	0.03	3072	0.03	11094	19697214	2073	5679	0.66142	0.999895	0.842561	0.999712	0.842561	0.999607	0.746329	0.741082	
4	0	0.03	3074	0.03	11123	19697198	2089	5650	0.663149	0.999894	0.841886	0.999713	0.841886	0.999607	0.747005	0.741904	
5	0	0.03	3075	0.03	11112	19697216	2071	5661	0.662493	0.999895	0.842904	0.999713	0.842904	0.999608	0.747087	0.741888	


It took 0 seconds to cluster

Output File Names: 
results/rdp/rdp.bact_v4.filter.unique.precluster.opti_mcc.list
results/rdp/rdp.bact_v4.filter.unique.precluster.opti_mcc.steps
results/rdp/rdp.bact_v4.filter.unique.precluster.opti_mcc.sensspec


mothur > quit()
