Linux version

Using ReadLine,Boost,HDF5,GSL
mothur v.1.43.0
Last updated: 11/13/2019
by
Patrick D. Schloss

Department of Microbiology & Immunology

University of Michigan
http://www.mothur.org

When using, please cite:
Schloss, P.D., et al., Introducing mothur: Open-source, platform-independent, community-supported software for describing and comparing microbial communities. Appl Environ Microbiol, 2009. 75(23):7537-41.

Distributed under the GNU General Public License

Type 'help()' for information on the commands that are available

For questions and analysis support, please visit our forum at https://forum.mothur.org

Type 'quit()' to exit program

[NOTE]: Setting random seed to 19760620.

Script Mode


mothur > set.logfile(name=log/rdp/cluster.bact_full.log)

mothur > set.dir(input=data/rdp/, output=results/rdp/)
Mothur's directories:
outputDir=results/rdp/
inputDir=data/rdp/

mothur > 
        cluster(column=results/rdp/rdp.bact_full.filter.unique.precluster.dist, count=data/rdp/rdp.bact_full.filter.unique.precluster.pick.count_table, cutoff=0.03) 

Using 16 processors.

Clustering results/rdp/rdp.bact_full.filter.unique.precluster.dist


iter	time	label	num_otus	cutoff	tp	tn	fp	fn	sensitivity	specificity	ppv	npv	fdr	accuracy	mcc	f1score

0.03
0	0	0.03	5705	0.03	0	1.62526e+07	0	18087	0	1	0	0.998888	1	0.998888	0	0	
1	0	0.03	3394	0.03	15080	1.62502e+07	2360	3007	0.833748	0.999855	0.864679	0.999815	0.864679	0.99967	0.848908	0.848932	
2	0	0.03	3367	0.03	15506	1.62501e+07	2445	2581	0.857301	0.99985	0.863796	0.999841	0.863796	0.999691	0.860388	0.860536	
3	0	0.03	3368	0.03	15516	1.62501e+07	2425	2571	0.857854	0.999851	0.864835	0.999842	0.864835	0.999693	0.861183	0.86133	
4	0	0.03	3367	0.03	15527	1.62501e+07	2438	2560	0.858462	0.99985	0.864292	0.999842	0.864292	0.999693	0.861218	0.861367	


It took 0 seconds to cluster

Output File Names: 
results/rdp/rdp.bact_full.filter.unique.precluster.opti_mcc.list
results/rdp/rdp.bact_full.filter.unique.precluster.opti_mcc.steps
results/rdp/rdp.bact_full.filter.unique.precluster.opti_mcc.sensspec


mothur > quit()


It took 0 seconds to run 4 commands from your script.

