Linux version

Using ReadLine,Boost,HDF5,GSL
mothur v.1.43.0
Last updated: 11/14/2019
by
Patrick D. Schloss

Department of Microbiology & Immunology

University of Michigan
http://www.mothur.org

When using, please cite:
Schloss, P.D., et al., Introducing mothur: Open-source, platform-independent, community-supported software for describing and comparing microbial communities. Appl Environ Microbiol, 2009. 75(23):7537-41.

Distributed under the GNU General Public License

Type 'help()' for information on the commands that are available

For questions and analysis support, please visit our forum at https://forum.mothur.org

Type 'quit()' to exit program

[NOTE]: Setting random seed to 19760620.

Script Mode


mothur > set.logfile(name=log/rdp/get_otu_reps.bact_full.log)

mothur > set.dir(output=results/rdp/)
Mothur's directories:
outputDir=results/rdp/

mothur > 
        classify.otu(list=results/rdp/rdp.bact_full.filter.unique.precluster.opti_mcc.list, count=data/rdp/rdp.bact_full.filter.unique.precluster.pick.count_table, taxonomy=data/rdp/rdp.bacteria.bact_full.precluster.tax, label=0.03)
0.03	3367

Output File Names: 
results/rdp/rdp.bact_full.filter.unique.precluster.opti_mcc.0.03.cons.taxonomy
results/rdp/rdp.bact_full.filter.unique.precluster.opti_mcc.0.03.cons.tax.summary


mothur > 
        get.oturep(column=results/rdp/rdp.bact_full.filter.unique.precluster.dist, list=results/rdp/rdp.bact_full.filter.unique.precluster.opti_mcc.list, count=data/rdp/rdp.bact_full.filter.unique.precluster.pick.count_table, method=abundance) 
[WARNING]: A phylip or column file is not needed to use the abundance method, ignoring.
You did not provide a label, using 0.03.
0.03	3367

Output File Names: 
results/rdp/rdp.bact_full.filter.unique.precluster.opti_mcc.0.03.rep.count_table


mothur > quit()


It took 0 seconds to run 5 commands from your script.



<<<<<<<<<<<<<<<<<<<<<<<<<<<<<<^>>>>>>>>>>>>>>>>>>>>>>>>>>>>>
<<<<<<<<<<<<<<<<<<<<<<<<<<<<<<^>>>>>>>>>>>>>>>>>>>>>>>>>>>>>
<<<<<<<<<<<<<<<<<<<<<<<<<<<<<<^>>>>>>>>>>>>>>>>>>>>>>>>>>>>>
Detected 1 [WARNING] messages, please review.
<<<<<<<<<<<<<<<<<<<<<<<<<<<<<<^>>>>>>>>>>>>>>>>>>>>>>>>>>>>>
<<<<<<<<<<<<<<<<<<<<<<<<<<<<<<^>>>>>>>>>>>>>>>>>>>>>>>>>>>>>
<<<<<<<<<<<<<<<<<<<<<<<<<<<<<<^>>>>>>>>>>>>>>>>>>>>>>>>>>>>>
