Linux version

Using ReadLine,Boost,HDF5
mothur v.1.42.3
Last updated: 10/29/2019
by
Patrick D. Schloss

Department of Microbiology & Immunology

University of Michigan
http://www.mothur.org

When using, please cite:
Schloss, P.D., et al., Introducing mothur: Open-source, platform-independent, community-supported software for describing and comparing microbial communities. Appl Environ Microbiol, 2009. 75(23):7537-41.

Distributed under the GNU General Public License

Type 'help()' for information on the commands that are available

For questions and analysis support, please visit our forum at https://forum.mothur.org

Type 'quit()' to exit program

[NOTE]: Setting random seed to 19760620.

Script Mode


mothur > set.logfile(name=logfiles/rdp/get_bacteria.log)

mothur > set.dir(input=data/rdp/)
Mothur's directories:
inputDir=data/rdp/

mothur > 
        get.lineage(fasta=data/rdp/rdp.fasta, taxonomy=data/rdp/rdp.tax, taxon=Bacteria)

/******************************************/
Running command: get.seqs(accnos=data/rdp/rdp.pick.tax.accnos, fasta=data/rdp/rdp.fasta)
Selected 12800 sequences from your fasta file.

Output File Names: 
data/rdp/rdp.pick.fasta

/******************************************/

Output File Names:
data/rdp/rdp.pick.tax
data/rdp/rdp.pick.tax.accnos
data/rdp/rdp.pick.fasta


mothur > 
        summary.seqs(fasta=data/rdp/rdp.bacteria.fasta) 
Unable to open data/rdp/rdp.bacteria.fasta. Trying input directory data/rdp/rdp.bacteria.fasta.
Unable to open data/rdp/rdp.bacteria.fasta. Trying default /home/sovacool/bin/anaconda3/envs/optiFit/bin/rdp.bacteria.fasta.
Unable to open /home/sovacool/bin/anaconda3/envs/optiFit/bin/rdp.bacteria.fasta. Trying mothur's executable location /home/sovacool/bin/anaconda3/envs/optiFit/bin/rdp.bacteria.fasta.
Unable to open /home/sovacool/bin/anaconda3/envs/optiFit/bin/rdp.bacteria.fasta.
Unable to open data/rdp/rdp.bacteria.fasta

Using 16 processors.
[ERROR]: did not complete summary.seqs.

mothur > quit()


************************************************************
************************************************************
************************************************************
Detected 1 [ERROR] messages, please review.
************************************************************
************************************************************
************************************************************
