Linux version

Using ReadLine,Boost,HDF5
mothur v.1.42.3
Last updated: 10/23/2019
by
Patrick D. Schloss

Department of Microbiology & Immunology

University of Michigan
http://www.mothur.org

When using, please cite:
Schloss, P.D., et al., Introducing mothur: Open-source, platform-independent, community-supported software for describing and comparing microbial communities. Appl Environ Microbiol, 2009. 75(23):7537-41.

Distributed under the GNU General Public License

Type 'help()' for information on the commands that are available

For questions and analysis support, please visit our forum at https://forum.mothur.org

Type 'quit()' to exit program

[NOTE]: Setting random seed to 19760620.

Script Mode


mothur > set.logfile(name=logfiles/silva/calc_dists.bact_v4.log)

mothur > set.dir(input=data/silva/, output=results/silva/)
Mothur's directories:
outputDir=results/silva/
inputDir=data/silva/

mothur > 
        dist.seqs(fasta=data/silva/silva.bact_v4.filter.unique.precluster.fasta, cutoff=0.03, processors=12) 

Using 12 processors.

Sequence	Time	Num_Dists_Below_Cutoff

It took 79 secs to find distances for 5148 sequences. 8579 distances below cutoff 0.03.


Output File Names: 
results/silva/silva.bact_v4.filter.unique.precluster.dist


mothur > quit()
