Linux version

Using ReadLine,Boost,HDF5
mothur v.1.42.3
Last updated: 10/23/2019
by
Patrick D. Schloss

Department of Microbiology & Immunology

University of Michigan
http://www.mothur.org

When using, please cite:
Schloss, P.D., et al., Introducing mothur: Open-source, platform-independent, community-supported software for describing and comparing microbial communities. Appl Environ Microbiol, 2009. 75(23):7537-41.

Distributed under the GNU General Public License

Type 'help()' for information on the commands that are available

For questions and analysis support, please visit our forum at https://forum.mothur.org

Type 'quit()' to exit program

[NOTE]: Setting random seed to 19760620.

Script Mode


mothur > set.logfile(name=logfiles/silva/get_bacteria.log)

mothur > set.dir(input=data/silva/)
Mothur's directories:
inputDir=data/silva/

mothur > 
        get.lineage(fasta=data/silva/silva.fasta, taxonomy=data/silva/silva.tax, taxon=Bacteria) 

/******************************************/
Running command: get.seqs(accnos=data/silva/silva.pick.tax.accnos, fasta=data/silva/silva.fasta)
Selected 8517 sequences from your fasta file.

Output File Names: 
data/silva/silva.pick.fasta

/******************************************/

Output File Names:
data/silva/silva.pick.tax
data/silva/silva.pick.tax.accnos
data/silva/silva.pick.fasta


mothur > quit()
