Linux version

Using ReadLine,Boost,HDF5
mothur v.1.42.3
Last updated: 10/23/2019
by
Patrick D. Schloss

Department of Microbiology & Immunology

University of Michigan
http://www.mothur.org

When using, please cite:
Schloss, P.D., et al., Introducing mothur: Open-source, platform-independent, community-supported software for describing and comparing microbial communities. Appl Environ Microbiol, 2009. 75(23):7537-41.

Distributed under the GNU General Public License

Type 'help()' for information on the commands that are available

For questions and analysis support, please visit our forum at https://forum.mothur.org

Type 'quit()' to exit program

[NOTE]: Setting random seed to 19760620.

Script Mode


mothur > set.logfile(name=logfiles/gg/align.log)

mothur > set.dir(input=data/gg/)
Mothur's directories:
inputDir=data/gg/

mothur > 
        align.seqs(candidate=data/gg/gg.bacteria.fasta, template=data/silva/silva.fasta) 

Using 16 processors.

Reading in the data/silva/silva.fasta template sequences...	DONE.
It took 18 to read  11180 sequences.

Aligning sequences from data/gg/gg.bacteria.fasta ...
It took 3834 secs to align 198510 sequences.

[WARNING]: 17 of your sequences generated alignments that eliminated too many bases, a list is provided in data/gg/gg.bacteria.flip.accnos.
[NOTE]: 11 of your sequences were reversed to produce a better alignment.

It took 3834 seconds to align 198510 sequences.

Output File Names: 
data/gg/gg.bacteria.align
data/gg/gg.bacteria.align.report
data/gg/gg.bacteria.flip.accnos


mothur > quit()


<<<<<<<<<<<<<<<<<<<<<<<<<<<<<<^>>>>>>>>>>>>>>>>>>>>>>>>>>>>>
<<<<<<<<<<<<<<<<<<<<<<<<<<<<<<^>>>>>>>>>>>>>>>>>>>>>>>>>>>>>
<<<<<<<<<<<<<<<<<<<<<<<<<<<<<<^>>>>>>>>>>>>>>>>>>>>>>>>>>>>>
Detected 1 [WARNING] messages, please review.
<<<<<<<<<<<<<<<<<<<<<<<<<<<<<<^>>>>>>>>>>>>>>>>>>>>>>>>>>>>>
<<<<<<<<<<<<<<<<<<<<<<<<<<<<<<^>>>>>>>>>>>>>>>>>>>>>>>>>>>>>
<<<<<<<<<<<<<<<<<<<<<<<<<<<<<<^>>>>>>>>>>>>>>>>>>>>>>>>>>>>>
