Linux version

Using ReadLine,Boost,HDF5
mothur v.1.42.3
Last updated: 11/04/2019
by
Patrick D. Schloss

Department of Microbiology & Immunology

University of Michigan
http://www.mothur.org

When using, please cite:
Schloss, P.D., et al., Introducing mothur: Open-source, platform-independent, community-supported software for describing and comparing microbial communities. Appl Environ Microbiol, 2009. 75(23):7537-41.

Distributed under the GNU General Public License

Type 'help()' for information on the commands that are available

For questions and analysis support, please visit our forum at https://forum.mothur.org

Type 'quit()' to exit program

[NOTE]: Setting random seed to 19760620.

Script Mode


mothur > set.logfile(name=log/gg/filter.bact_full.log)

mothur > set.dir(input=data/gg/)
Mothur's directories:
inputDir=data/gg/

mothur > 

        filter.seqs(fasta=data/gg/gg.bact_full.fasta, trump=., vertical=T, processors=2)

Using 2 processors.
Creating Filter... 
It took 284 secs to create filter for 174993 sequences.


Running Filter... 
It took 229 secs to filter 174993 sequences.



Length of filtered alignment: 0
Number of columns removed: 42070
Length of the original alignment: 42070
Number of sequences used to construct filter: 174993

Output File Names: 
data/gg/gg.filter
data/gg/gg.bact_full.filter.fasta

174993	1

Output File Names: 
data/gg/gg.bact_full.filter.names
data/gg/gg.bact_full.filter.unique.fasta


mothur > 
        pre.cluster(fasta=data/gg/gg.bact_full.filter.unique.fasta, name=data/gg/gg.bact_full.filter.names, diffs=2, processors=2)

Using 2 processors.
When using running without group information mothur can only use 1 processor, continuing.
Error: diffs is set to 2 which is greater than your sequence length of 0.

mothur > 
        list.seqs(fasta=data/gg/gg.bact_full.filter.unique.precluster.fasta)
Unable to open data/gg/gg.bact_full.filter.unique.precluster.fasta. Trying input directory data/gg/gg.bact_full.filter.unique.precluster.fasta.
Unable to open data/gg/gg.bact_full.filter.unique.precluster.fasta. Trying default /home/sovacool/bin/anaconda3/envs/optiFit/bin/gg.bact_full.filter.unique.precluster.fasta.
Unable to open /home/sovacool/bin/anaconda3/envs/optiFit/bin/gg.bact_full.filter.unique.precluster.fasta. Trying mothur's executable location /home/sovacool/bin/anaconda3/envs/optiFit/bin/gg.bact_full.filter.unique.precluster.fasta.
Unable to open /home/sovacool/bin/anaconda3/envs/optiFit/bin/gg.bact_full.filter.unique.precluster.fasta.
Unable to open data/gg/gg.bact_full.filter.unique.precluster.fasta
[ERROR]: did not complete list.seqs.

mothur > 
        get.seqs(taxonomy=data/gg/gg.bacteria.tax, accnos=current, name=current)
[WARNING]: no file was saved for accnos parameter.
Using data/gg/gg.bact_full.filter.names as input file for the name parameter.
You have no valid accnos file and accnos is required.
[ERROR]: did not complete get.seqs.

mothur > 

        summary.seqs(fasta=current, count=current)
Using data/gg/gg.bact_full.filter.count_table as input file for the count parameter.
Using data/gg/gg.bact_full.filter.unique.fasta as input file for the fasta parameter.

Using 2 processors.

		Start	End	NBases	Ambigs	Polymer	NumSeqs
Minimum:	1	0	0	0	1	1
2.5%-tile:	1	0	0	0	1	4375
25%-tile:	1	0	0	0	1	43749
Median: 	1	0	0	0	1	87497
75%-tile:	1	0	0	0	1	131245
97.5%-tile:	1	0	0	0	1	170619
Maximum:	1	0	0	0	1	174993
Mean:	1	0	0	0	1
# of unique seqs:	1
total # of seqs:	174993

It took 0 secs to summarize 174993 sequences.

Output File Names:
data/gg/gg.bact_full.filter.unique.summary


mothur > 
        rename.file(input=data/gg/gg.bacteria.pick.tax, new=data/gg/gg.bacteria.bact_full.precluster.tax) 
Unable to open data/gg/gg.bacteria.pick.tax. Trying input directory data/gg/gg.bacteria.pick.tax.
Unable to open data/gg/gg.bacteria.pick.tax. Trying default /home/sovacool/bin/anaconda3/envs/optiFit/bin/gg.bacteria.pick.tax.
Unable to open /home/sovacool/bin/anaconda3/envs/optiFit/bin/gg.bacteria.pick.tax. Trying mothur's executable location /home/sovacool/bin/anaconda3/envs/optiFit/bin/gg.bacteria.pick.tax.
Unable to open /home/sovacool/bin/anaconda3/envs/optiFit/bin/gg.bacteria.pick.tax.
Unable to open data/gg/gg.bacteria.pick.tax
Ignoring: data/gg/gg.bacteria.pick.tax

Current files saved by mothur:
fasta=data/gg/gg.bact_full.filter.unique.fasta
name=data/gg/gg.bact_full.filter.names
taxonomy=data/gg/gg.bacteria.tax
count=data/gg/gg.bact_full.filter.count_table
processors=2
summary=data/gg/gg.bact_full.filter.unique.summary

mothur > quit()


************************************************************
************************************************************
************************************************************
Detected 2 [ERROR] messages, please review.
************************************************************
************************************************************
************************************************************


<<<<<<<<<<<<<<<<<<<<<<<<<<<<<<^>>>>>>>>>>>>>>>>>>>>>>>>>>>>>
<<<<<<<<<<<<<<<<<<<<<<<<<<<<<<^>>>>>>>>>>>>>>>>>>>>>>>>>>>>>
<<<<<<<<<<<<<<<<<<<<<<<<<<<<<<^>>>>>>>>>>>>>>>>>>>>>>>>>>>>>
Detected 1 [WARNING] messages, please review.
<<<<<<<<<<<<<<<<<<<<<<<<<<<<<<^>>>>>>>>>>>>>>>>>>>>>>>>>>>>>
<<<<<<<<<<<<<<<<<<<<<<<<<<<<<<^>>>>>>>>>>>>>>>>>>>>>>>>>>>>>
<<<<<<<<<<<<<<<<<<<<<<<<<<<<<<^>>>>>>>>>>>>>>>>>>>>>>>>>>>>>
