Linux version

Using ReadLine,Boost,HDF5,GSL
mothur v.1.43.0
Last updated: 11/13/2019
by
Patrick D. Schloss

Department of Microbiology & Immunology

University of Michigan
http://www.mothur.org

When using, please cite:
Schloss, P.D., et al., Introducing mothur: Open-source, platform-independent, community-supported software for describing and comparing microbial communities. Appl Environ Microbiol, 2009. 75(23):7537-41.

Distributed under the GNU General Public License

Type 'help()' for information on the commands that are available

For questions and analysis support, please visit our forum at https://forum.mothur.org

Type 'quit()' to exit program

[NOTE]: Setting random seed to 19760620.

Script Mode


mothur > set.logfile(name=log/gg/filter.bact_v4.log)

mothur > set.dir(input=data/gg/)
Mothur's directories:
inputDir=data/gg/

mothur > 

        filter.seqs(fasta=data/gg/gg.bact_v4.fasta, trump=., vertical=T, processors=2)

Using 2 processors.
Creating Filter... 
It took 44 secs to create filter for 174979 sequences.


Running Filter... 
It took 38 secs to filter 174979 sequences.



Length of filtered alignment: 1282
Number of columns removed: 12143
Length of the original alignment: 13425
Number of sequences used to construct filter: 174979

Output File Names: 
data/gg/gg.filter
data/gg/gg.bact_v4.filter.fasta


mothur > 
        unique.seqs(fasta=current)
Using data/gg/gg.bact_v4.filter.fasta as input file for the fasta parameter.
174979	135640

Output File Names: 
data/gg/gg.bact_v4.filter.names
data/gg/gg.bact_v4.filter.unique.fasta


mothur > 
        pre.cluster(fasta=current, name=current, diffs=2, processors=2)
Using data/gg/gg.bact_v4.filter.unique.fasta as input file for the fasta parameter.
Using data/gg/gg.bact_v4.filter.names as input file for the name parameter.

Using 2 processors.
When using running without group information mothur can only use 1 processor, continuing.
135640	108499	27141
Total number of sequences before precluster was 135640.
pre.cluster removed 27141 sequences.

/******************************************/
Running command: get.seqs(fasta=data/gg/gg.bact_v4.filter.unique.fasta, accnos=data/gg/gg.bact_v4.filter.unique.precluster.fasta.temp)
[WARNING]: This command can take a namefile and you did not provide one. The current namefile is data/gg/gg.bact_v4.filter.names which seems to match data/gg/gg.bact_v4.filter.unique.fasta.
Selected 108499 sequences from your fasta file.

Output File Names: 
data/gg/gg.bact_v4.filter.unique.pick.fasta

/******************************************/
Done.
It took 621 secs to cluster 135640 sequences.

Output File Names: 
data/gg/gg.bact_v4.filter.count_table
data/gg/gg.bact_v4.filter.unique.precluster.fasta
data/gg/gg.bact_v4.filter.unique.precluster.count_table
data/gg/gg.bact_v4.filter.unique.precluster.map


mothur > 
        list.seqs(fasta=current)
Using data/gg/gg.bact_v4.filter.unique.precluster.fasta as input file for the fasta parameter.

Output File Names: 
data/gg/gg.bact_v4.filter.unique.precluster.accnos


mothur > 
        get.seqs(accnos=current, taxonomy=data/gg/gg.bacteria.tax)
Using data/gg/gg.bact_v4.filter.unique.precluster.accnos as input file for the accnos parameter.
[WARNING]: This command can take a namefile and you did not provide one. The current namefile is data/gg/gg.bact_v4.filter.names which seems to match data/gg/gg.bacteria.tax.
Selected 108499 sequences from your taxonomy file.

Output File Names: 
data/gg/gg.bacteria.pick.tax


mothur > 
        get.seqs(accnos=current, count=current)
Using data/gg/gg.bact_v4.filter.unique.precluster.accnos as input file for the accnos parameter.
Using data/gg/gg.bact_v4.filter.unique.precluster.count_table as input file for the count parameter.
Selected 174979 sequences from your count file.

Output File Names: 
data/gg/gg.bact_v4.filter.unique.precluster.pick.count_table


mothur > 

        summary.seqs(fasta=current, count=current)
Using data/gg/gg.bact_v4.filter.unique.precluster.pick.count_table as input file for the count parameter.
Using data/gg/gg.bact_v4.filter.unique.precluster.fasta as input file for the fasta parameter.

Using 2 processors.

		Start	End	NBases	Ambigs	Polymer	NumSeqs
Minimum:	1	1257	203	0	3	1
2.5%-tile:	1	1282	287	0	3	4375
25%-tile:	1	1282	288	0	4	43745
Median: 	1	1282	288	0	4	87490
75%-tile:	1	1282	288	0	5	131235
97.5%-tile:	1	1282	291	0	6	170605
Maximum:	56	1282	464	0	8	174979
Mean:	1	1281	288	0	4
# of unique seqs:	108499
total # of seqs:	174979

It took 4 secs to summarize 174979 sequences.

Output File Names:
data/gg/gg.bact_v4.filter.unique.precluster.summary


mothur > 
        rename.file(input=data/gg/gg.bacteria.pick.tax, new=data/gg/gg.bacteria.bact_v4.precluster.tax) 

Current files saved by mothur:
accnos=data/gg/gg.bact_v4.filter.unique.precluster.accnos
fasta=data/gg/gg.bact_v4.filter.unique.precluster.fasta
name=data/gg/gg.bact_v4.filter.names
taxonomy=data/gg/gg.bacteria.pick.tax
count=data/gg/gg.bact_v4.filter.unique.precluster.pick.count_table
processors=2
summary=data/gg/gg.bact_v4.filter.unique.precluster.summary

mothur > quit()


It took 736 seconds to run 11 commands from your script.



<<<<<<<<<<<<<<<<<<<<<<<<<<<<<<^>>>>>>>>>>>>>>>>>>>>>>>>>>>>>
<<<<<<<<<<<<<<<<<<<<<<<<<<<<<<^>>>>>>>>>>>>>>>>>>>>>>>>>>>>>
<<<<<<<<<<<<<<<<<<<<<<<<<<<<<<^>>>>>>>>>>>>>>>>>>>>>>>>>>>>>
Detected 2 [WARNING] messages, please review.
<<<<<<<<<<<<<<<<<<<<<<<<<<<<<<^>>>>>>>>>>>>>>>>>>>>>>>>>>>>>
<<<<<<<<<<<<<<<<<<<<<<<<<<<<<<^>>>>>>>>>>>>>>>>>>>>>>>>>>>>>
<<<<<<<<<<<<<<<<<<<<<<<<<<<<<<^>>>>>>>>>>>>>>>>>>>>>>>>>>>>>
