Linux version

Using ReadLine,Boost,HDF5
mothur v.1.42.3
Last updated: 10/23/2019
by
Patrick D. Schloss

Department of Microbiology & Immunology

University of Michigan
http://www.mothur.org

When using, please cite:
Schloss, P.D., et al., Introducing mothur: Open-source, platform-independent, community-supported software for describing and comparing microbial communities. Appl Environ Microbiol, 2009. 75(23):7537-41.

Distributed under the GNU General Public License

Type 'help()' for information on the commands that are available

For questions and analysis support, please visit our forum at https://forum.mothur.org

Type 'quit()' to exit program

[NOTE]: Setting random seed to 19760620.

Script Mode


mothur > set.logfile(name=logfiles/gg/subset_regions.log)

mothur > set.dir(input=data/gg/)
Mothur's directories:
inputDir=data/gg/

mothur > 
        screen.seqs(fasta=data/gg/gg.bacteria.align, start=1046, end=43116, processors=8)

Using 8 processors.

It took 305 secs to screen 198510 sequences, removed 121655.


Output File Names:
data/gg/gg.bacteria.good.align
data/gg/gg.bacteria.bad.accnos


It took 305 secs to screen 198510 sequences.

mothur > 
        pcr.seqs(fasta=data/gg/gg.bacteria.align, start=11894, end=25319, processors=8) 

Using 8 processors.
It took 389 secs to screen 198510 sequences.

Output File Names: 
data/gg/gg.bacteria.pcr.align
data/gg/gg.bacteria.bad.accnos
data/gg/gg.bacteria.scrap.pcr.align



mothur > quit()
