Building DAG of jobs...
Subworkflow prep_db: Nothing to be done.
Executing main workflow.
Using shell: /usr/bin/bash
Provided cores: 1
Rules claiming more threads will be scaled down.
Job counts:
	count	jobs
	1	download
	1

[Thu Dec 12 21:07:22 2019]
checkpoint download:
    input: data/human/SRR_Acc_List.txt, code/download.sh
    output: data/human/raw
    jobid: 0
    benchmark: benchmarks/human/download.txt
    wildcards: dataset=human
Downstream jobs will be updated after completion.

spots read      : 40,216
reads read      : 80,432
reads written   : 80,432
spots read      : 32,050
reads read      : 64,100
reads written   : 64,100
