Building DAG of jobs...
Subworkflow prep_db: Nothing to be done.
Executing main workflow.
Using shell: /usr/bin/bash
Provided cores: 1
Rules claiming more threads will be scaled down.
Job counts:
	count	jobs
	1	download
	1

[Tue Nov 26 14:57:46 2019]
checkpoint download:
    input: data/human/SRR_Acc_List.txt, code/download.sh
    output: data/human/raw
    jobid: 0
    benchmark: benchmarks/human/download.txt
    wildcards: dataset=human
Downstream jobs will be updated after completion.

/usr/bin/bash: code/download.sh: Permission denied
[Tue Nov 26 14:57:46 2019]
Error in rule download:
    jobid: 0
    output: data/human/raw
    shell:
        code/download.sh data/human/SRR_Acc_List.txt data/human/raw
        (exited with non-zero exit code)

Shutting down, this might take some time.
Exiting because a job execution failed. Look above for error message
